生成启动时间为 2018/11/16 12:17:24。
     1>项目“C:\Users\12175\Desktop\PolynAddCPro_1\PolynAddCPro\PolynAddCPro.vcxproj”在节点 2 上(build 个目标)。
     1>InitializeBuildStatus:
         正在创建“Debug\PolynAddCPro.unsuccessfulbuild”，因为已指定“AlwaysCreate”。
       ClCompile:
         c:\Program Files (x86)\Microsoft Visual Studio 10.0\VC\bin\CL.exe /c /ZI /nologo /W3 /WX- /Od /Oy- /D WIN32 /D _DEBUG /D _CONSOLE /D _UNICODE /D UNICODE /Gm /EHsc /RTC1 /MDd /GS /fp:precise /Zc:wchar_t /Zc:forScope /Fo"Debug\\" /Fd"Debug\vc100.pdb" /Gd /TP /analyze- /errorReport:prompt PolynAdd.cpp Polyn.cpp
         Polyn.cpp
         PolynAdd.cpp
     1>c:\users\12175\desktop\polynaddcpro_1\polynaddcpro\polynadd.cpp(31): warning C4018: “<”: 有符号/无符号不匹配
         正在生成代码...
       ManifestResourceCompile:
         c:\Program Files (x86)\Microsoft SDKs\Windows\v7.0A\bin\rc.exe /nologo /fo"Debug\PolynAddCPro.exe.embed.manifest.res" Debug\PolynAddCPro_manifest.rc 
       Link:
         c:\Program Files (x86)\Microsoft Visual Studio 10.0\VC\bin\link.exe /ERRORREPORT:PROMPT /OUT:"C:\Users\12175\Desktop\PolynAddCPro_1\Debug\PolynAddCPro.exe" /INCREMENTAL /NOLOGO kernel32.lib user32.lib gdi32.lib winspool.lib comdlg32.lib advapi32.lib shell32.lib ole32.lib oleaut32.lib uuid.lib odbc32.lib odbccp32.lib /MANIFEST /ManifestFile:"Debug\PolynAddCPro.exe.intermediate.manifest" /MANIFESTUAC:"level='asInvoker' uiAccess='false'" /DEBUG /PDB:"C:\Users\12175\Desktop\PolynAddCPro_1\Debug\PolynAddCPro.pdb" /SUBSYSTEM:CONSOLE /TLBID:1 /DYNAMICBASE /NXCOMPAT /IMPLIB:"C:\Users\12175\Desktop\PolynAddCPro_1\Debug\PolynAddCPro.lib" /MACHINE:X86 Debug\PolynAddCPro.exe.embed.manifest.res
         Debug\PolynAdd.obj
         Debug\Polyn.obj
         LINK : 没有找到 C:\Users\12175\Desktop\PolynAddCPro_1\Debug\PolynAddCPro.exe 或上一个增量链接没有生成它；正在执行完全链接
       Manifest:
         c:\Program Files (x86)\Microsoft SDKs\Windows\v7.0A\bin\mt.exe /nologo /verbose /out:"Debug\PolynAddCPro.exe.embed.manifest" /manifest Debug\PolynAddCPro.exe.intermediate.manifest
         所有输出均为最新。
       LinkEmbedManifest:
         所有输出均为最新。
         PolynAddCPro.vcxproj -> C:\Users\12175\Desktop\PolynAddCPro_1\Debug\PolynAddCPro.exe
       FinalizeBuildStatus:
         正在删除文件“Debug\PolynAddCPro.unsuccessfulbuild”。
         正在对“Debug\PolynAddCPro.lastbuildstate”执行 Touch 任务。
     1>已完成生成项目“C:\Users\12175\Desktop\PolynAddCPro_1\PolynAddCPro\PolynAddCPro.vcxproj”(build 个目标)的操作。

生成成功。

已用时间 00:00:05.20
