生成启动时间为 2017/6/2 星期五 上午 9:46:35。
     1>项目“G:\2018数据结构实训\ParkCPro1\ParkCPro\ParkCPro.vcxproj”在节点 2 上(build 个目标)。
     1>InitializeBuildStatus:
         正在对“Debug\ParkCPro.unsuccessfulbuild”执行 Touch 任务。
       ClCompile:
         C:\Program Files (x86)\Microsoft Visual Studio 10.0\VC\bin\CL.exe /c /ZI /nologo /W3 /WX- /Od /Oy- /D WIN32 /D _DEBUG /D _CONSOLE /D _UNICODE /D UNICODE /Gm /EHsc /RTC1 /MDd /GS /fp:precise /Zc:wchar_t /Zc:forScope /Fo"Debug\\" /Fd"Debug\vc100.pdb" /Gd /TP /analyze- /errorReport:prompt App.cpp Park.cpp
         Park.cpp
         App.cpp
         正在生成代码...
       ManifestResourceCompile:
         C:\Program Files (x86)\Microsoft SDKs\Windows\v7.0A\bin\rc.exe /nologo /fo"Debug\ParkCPro.exe.embed.manifest.res" Debug\ParkCPro_manifest.rc 
       Link:
         C:\Program Files (x86)\Microsoft Visual Studio 10.0\VC\bin\link.exe /ERRORREPORT:PROMPT /OUT:"G:\2018数据结构实训\ParkCPro1\Debug\ParkCPro.exe" /INCREMENTAL /NOLOGO kernel32.lib user32.lib gdi32.lib winspool.lib comdlg32.lib advapi32.lib shell32.lib ole32.lib oleaut32.lib uuid.lib odbc32.lib odbccp32.lib /MANIFEST /ManifestFile:"Debug\ParkCPro.exe.intermediate.manifest" /MANIFESTUAC:"level='asInvoker' uiAccess='false'" /DEBUG /PDB:"G:\2018数据结构实训\ParkCPro1\Debug\ParkCPro.pdb" /SUBSYSTEM:CONSOLE /TLBID:1 /DYNAMICBASE /NXCOMPAT /IMPLIB:"G:\2018数据结构实训\ParkCPro1\Debug\ParkCPro.lib" /MACHINE:X86 Debug\ParkCPro.exe.embed.manifest.res
         Debug\App.obj
         Debug\Park.obj
     1>MSVCRTD.lib(crtexe.obj) : error LNK2019: 无法解析的外部符号 _main，该符号在函数 ___tmainCRTStartup 中被引用
     1>G:\2018数据结构实训\ParkCPro1\Debug\ParkCPro.exe : fatal error LNK1120: 1 个无法解析的外部命令
     1>已完成生成项目“G:\2018数据结构实训\ParkCPro1\ParkCPro\ParkCPro.vcxproj”(build 个目标)的操作 - 失败。

生成失败。

已用时间 00:00:05.45
