Build started 2018/12/13 17:45:15.
     1>Project "E:\vs2010\排序预测题目\排序预测题目\排序预测题目.vcxproj" on node 2 (build target(s)).
     1>InitializeBuildStatus:
         Creating "Debug\排序预测题目.unsuccessfulbuild" because "AlwaysCreate" was specified.
       ClCompile:
         C:\Program Files (x86)\Microsoft Visual Studio 10.0\VC\bin\CL.exe /c /ZI /nologo /W3 /WX- /Od /Oy- /D WIN32 /D _DEBUG /D _CONSOLE /D _UNICODE /D UNICODE /Gm /EHsc /RTC1 /MDd /GS /fp:precise /Zc:wchar_t /Zc:forScope /Fo"Debug\\" /Fd"Debug\vc100.pdb" /Gd /TC /analyze- /errorReport:prompt Main.c
         Main.c
     1>e:\vs2010\排序预测题目\排序预测题目\main.c(15): warning C4996: 'scanf': This function or variable may be unsafe. Consider using scanf_s instead. To disable deprecation, use _CRT_SECURE_NO_WARNINGS. See online help for details.
                 c:\program files (x86)\microsoft visual studio 10.0\vc\include\stdio.h(304) : see declaration of 'scanf'
     1>e:\vs2010\排序预测题目\排序预测题目\main.c(39): warning C4996: 'scanf': This function or variable may be unsafe. Consider using scanf_s instead. To disable deprecation, use _CRT_SECURE_NO_WARNINGS. See online help for details.
                 c:\program files (x86)\microsoft visual studio 10.0\vc\include\stdio.h(304) : see declaration of 'scanf'
     1>e:\vs2010\排序预测题目\排序预测题目\main.c(42): warning C4996: 'scanf': This function or variable may be unsafe. Consider using scanf_s instead. To disable deprecation, use _CRT_SECURE_NO_WARNINGS. See online help for details.
                 c:\program files (x86)\microsoft visual studio 10.0\vc\include\stdio.h(304) : see declaration of 'scanf'
     1>e:\vs2010\排序预测题目\排序预测题目\main.c(65): warning C4996: 'scanf': This function or variable may be unsafe. Consider using scanf_s instead. To disable deprecation, use _CRT_SECURE_NO_WARNINGS. See online help for details.
                 c:\program files (x86)\microsoft visual studio 10.0\vc\include\stdio.h(304) : see declaration of 'scanf'
     1>e:\vs2010\排序预测题目\排序预测题目\main.c(68): warning C4996: 'scanf': This function or variable may be unsafe. Consider using scanf_s instead. To disable deprecation, use _CRT_SECURE_NO_WARNINGS. See online help for details.
                 c:\program files (x86)\microsoft visual studio 10.0\vc\include\stdio.h(304) : see declaration of 'scanf'
     1>e:\vs2010\排序预测题目\排序预测题目\main.c(62): warning C4101: 'min' : unreferenced local variable
       ManifestResourceCompile:
         All outputs are up-to-date.
       Link:
         C:\Program Files (x86)\Microsoft Visual Studio 10.0\VC\bin\link.exe /ERRORREPORT:PROMPT /OUT:"E:\vs2010\排序预测题目\Debug\排序预测题目.exe" /INCREMENTAL /NOLOGO kernel32.lib user32.lib gdi32.lib winspool.lib comdlg32.lib advapi32.lib shell32.lib ole32.lib oleaut32.lib uuid.lib odbc32.lib odbccp32.lib /MANIFEST /ManifestFile:"Debug\排序预测题目.exe.intermediate.manifest" /MANIFESTUAC:"level='asInvoker' uiAccess='false'" /DEBUG /PDB:"E:\vs2010\排序预测题目\Debug\排序预测题目.pdb" /SUBSYSTEM:CONSOLE /TLBID:1 /DYNAMICBASE /NXCOMPAT /IMPLIB:"E:\vs2010\排序预测题目\Debug\排序预测题目.lib" /MACHINE:X86 "Debug\排序预测题目.exe.embed.manifest.res"
         Debug\Main.obj
       Manifest:
         C:\Program Files (x86)\Microsoft SDKs\Windows\v7.0A\bin\mt.exe /nologo /verbose /out:"Debug\排序预测题目.exe.embed.manifest" /manifest "Debug\排序预测题目.exe.intermediate.manifest"
         All outputs are up-to-date.
       LinkEmbedManifest:
         All outputs are up-to-date.
         排序预测题目.vcxproj -> E:\vs2010\排序预测题目\Debug\排序预测题目.exe
       FinalizeBuildStatus:
         Deleting file "Debug\排序预测题目.unsuccessfulbuild".
         Touching "Debug\排序预测题目.lastbuildstate".
     1>Done Building Project "E:\vs2010\排序预测题目\排序预测题目\排序预测题目.vcxproj" (build target(s)).

Build succeeded.

Time Elapsed 00:00:00.98
